<?xml version="1.0" encoding="UTF-8"?>
<testng-results ignored="0" total="1" passed="1" failed="0" skipped="0">
  <reporter-output>
  </reporter-output>
  <suite started-at="2024-07-04T12:12:40 IST" name="Suite" finished-at="2024-07-04T12:12:48 IST" duration-ms="7673">
    <groups>
    </groups>
    <test started-at="2024-07-04T12:12:40 IST" name="Test" finished-at="2024-07-04T12:12:48 IST" duration-ms="7673">
      <class name="Test.ExecutionClass">
        <test-method signature="test1()[pri:0, instance:Test.ExecutionClass@70ed52de]" started-at="2024-07-04T12:12:40 IST" name="test1" finished-at="2024-07-04T12:12:46 IST" duration-ms="6006" status="PASS">
          <reporter-output>
          </reporter-output>
        </test-method> <!-- test1 -->
      </class> <!-- Test.ExecutionClass -->
    </test> <!-- Test -->
  </suite> <!-- Suite -->
</testng-results>
